Arshia Sharma  
ID Number: 2137340

The data for dna.txt is: 

The sum is: 33
The mean is: 8.25
The variance is 4.91667
The standard deviation is 2.21736

The relative frequency of A is: 0.272727
The relative frequency of T is: 0.30303
The relative frequency of C is: 0.212121
The relative frequency of G is: 0.212121

The relative frequency of AA is 0
The relative frequency of AT is 0.1875
The relative frequency of AC is 0.25
The relative frequency of AG is 0.125

The relative frequency of TA is 0.1875
The relative frequency of TT is 0.0625
The relative frequency of TC is 0.125
The relative frequency of TG is 0.1875

The relative frequency of CA is 0.125
The relative frequency of CT is 0.1875
The relative frequency of CC is 0
The relative frequency of CG is 0.0625

The relative frequency of GA is 0.125
The relative frequency of GT is 0.0625
The relative frequency of GC is 0.0625
The relative frequency of GG is 0.0625

The 1000 strings based on the Guassian distribution is as follows: 
AGCCTATG
ATCATG
TCCTGAGA
TCGCAAGTAT
GGTTAAACTC
TGTCAAACGT
GTTTACGACA
CGATAT
CTCAGATG
GTAGCCATT
AAGCTCGT
CCATTGTCAGTGA
CGAGCTTACTATG
GAGTCCTTA
ATGC
AATCCGGT
CGTTGAATCA
CATGGTCTACATAG
AATCTG
CGTGTCTAA
GCTAGATATC
CATTGAGCT
AACTGT
CAGT
CTCAAAGTGT
CGGATCTA
CAGTTAGCTA
TGTAC
TCCTTAAGGAGTC
AATCTGCATG
GACTCGTAT
CTAAGT
CATAGT
CTAATG
GTGGCTACCATAT
TTTCGACAGA
CTGATTGCA
TACTGA
GCCAATAGTT
GTCCATTAG
GATCT
GACTATATTCGGCA
TCTAGA
TATGAGATGCCTCA
AGCAGCTT
GAGCACTT
TGCAT
AAGGCTTTC
TA
GTACAT
ATCGTCAGAT
TATTAGCCG
TGAACTCGT
GAGCTCTA
ATGAACTTGC
TTGCCTAGA
AGTCTAGC
ATTGCA
TAGTCAACTG
GTACAT
CGAATACGGTTTAC
CTAAGGTC
AGTTC
ATTCAGACTG
TAATCGCTG
CCTTATGGAA
TCGGACATTA
ATATACCTGG
AATGGCTC
CGACCTGAATTGT
CCATTGGA
TCGA
TGACATAGCT
AGGCTACT
TATGC
GATGTCCA
TGAATC
TAGGACTGATCTCAT
TACCTATGAG
GACT
TATGTCAACG
TTAGAC
TATGGTGACCACAT
ATGTCGTCAA
CACAGTTGAT
CAGTTAGC
GAAGCCTT
TGAC
CTTAGA
TTGAATACCG
CGATT
AGATATCGCT
TAGATCGTCA
CGAATTTGC
CAGGCTTA
TCTAAAGTGC
TAGCTA
TAGTCA
TTGCGTACAA
CAATGTGCT
TCACATGG
CGAGTACTT
CATGGTTAC
AGTCCTTAG
ACAGTTGTCA
CATAAGCGTT
TGCAAT
CTGACGAT
GATCT
ATACGTTCG
CGGGTCTAATATAC
CGGTTTAAAC
TTCGAGCAT
AGCTACTG
AGCTGTCA
CTGAGCATTACGT
GATCTACGAT
GTCTAGACTA
GCAAGTTTC
GCTAAT
GTGCACAATT
CGTACATTG
CTCTAGGTA
GTTACGACT
TAGTC
CCTGATAGAT
CGAACGTT
ACTGTTCGAA
TGAGTTACC
CGGATATTCAACGT
GCCGAATT
CGATCGAT
GACTT
GCACTGAT
TAGCGCAATT
CATAATTGCG
TACGCGTA
GATCAGTC
CTAGAT
GTAACT
ATCTAG
TAGTGTCTCGAAAC
CGGACTATT
TCGATCAG
TTGAAC
CACGATGATT
TACTCAGTGTCGA
TCGAAT
TGATCA
GTATCTAGAC
GTCAAT
GCAT
TACCGTGA
ATTGCAGCGTTAC
TATCCAGCGTTGA
ACGTTCAG
TCAGTACTG
GAAGCTCATT
AATTGGCCTTACG
ATCACTTGG
AGGATTTTGCACC
TCAATGGCT
AATGTC
CTTATCGAAG
TTGCAGCA
GTTATACCG
GCTTCAATG
CCAAGTATTG
TACATG
ATACCGTG
TGAACT
AAGGTTACTC
CGCTAATTAG
TTATAGCCAG
ATGCT
ATCCTTAGG
CTTGATCAG
GACATT
AGTCTA
AATTCGTTGCCAAG
CTAGTGAC
TCAAGTGACT
CGTCATGAT
TTACGTGAAC
CTTGA
TTTCGTGAACGCA
ATTAGCCTAG
CGAATT
CGAATGCT
TAGCTGATCA
GAGATCCT
CGTTGAACAT
GTACTCAGT
CATG
GTCA
TAAGTTCCGCATG
ACACTGTG
CCAACAATGGGTTT
ATGCTCGA
AAGTCT
CAGATT
GTAGATCC
CACATTAGGT
TAGCCAAGTTTCG
CCATGATTG
ATGCACTGCAGATT
ATCGT
ACAGTT
TATATGCCG
TTTAACAGGC
ATCGTTCGA
TTTGGCCAA
ATCCAGTAGT
ATATAGCTCG
TATGAC
TCCATTGGCTGAA
ATGAATCTCG
TAGTTCACGA
AGTCCTGATA
GTCCAATGAT
AGTTCAGCT
AGACTCGTTA
CGTAGCAT
GATCTA
TGATCAGC
GTTGTCAACATACG
ATTTCGACG
ACTGTATGC
ACCAGCTTATGGT
TTAGGAACCT
TACTGA
AAAGTCCTGT
GCTAGACT
TTCGATGAC
CTAGTGACTA
ACGGCTTA
GCTAAGCT
CATGTCGTAA
TTTAGCCAGA
ATGCCAAGTT
ATTAGGCCT
CTGGCAATT
GCATTATGC
CGAT
TAGCAGTC
CTGCATGTA
TATCG
GACTTA
TATCAG
TAGTAC
ATCTAACGGT
ACGGATCTTA
ACTGACGT
CATACGGATT
CTGGTAAC
ACGTTTGCAA
AATCATGCTACGTG
GAGATCTC
CGATGCAT
TCTACGGAAT
GTATC
ACTTACAGTGGCT
TGGCACATT
CTCTGAAG
TGACCTTGCAATG
CTAGTAGTC
TTGCGACTA
CATTTGCGAA
ACTGGATC
GTTCAA
ATATGC
CTTGAA
TGAGATACTC
TTAGTGCACA
TCTCGATGA
GAATCT
TCCAAGAGTT
ACCAGGCATTGTAT
TCAG
GCTAAGATCT
TACCTTGAGA
CGACTATATTGGC
TGTAAACTCG
TCAATCTGGA
TTACGA
TGACCTGA
TACTAG
TACTATCGG
TCATAGGTAC
GTTACA
TGAATC
TTACAG
GTATTAGCAC
TTGACA
GATCAT
ATAGTCTAGC
CTCTAATGG
AGACTGCATT
GTAC
GTATCTCTAGCGA
CCTTGATAG
ACTTGA
TCAGTA
GATCT
ACTGATTCG
TGAAACCTTG
AGCGCTATTA
CGTAGTACT
AGCGTCTTA
GAATCT
TCCAAGATTG
GCCGTAATTGTAC
CGTA
TGGCTACAT
ATCTGTCGA
GCAATT
ATCCTTAGTGGTACA
AACCTGTG
AATTACTGGC
CATGCTGA
CGTTAA
CTCATGTAAAGTGC
TTAGCTCAAG
TAAGATCCTG
TGAGACATTGATCC
GACTACGATT
TGACT
CATGCTGA
GCCTTAAG
ATCAGTACGT
AGTTCGAC
CAGTATCTGA
CGGTAACT
AGATGTATCC
ACAATCGGCTTTG
ATCAGT
TCATG
CGACTTTAG
GATCTGAGTTCAC
ACAGGGTCTATCT
GTCTATTGAGCAC
TACTGTCAGA
CTGCAGAT
ATCG
AAGTAGCTACCTGT
CGCTAATG
TAACAGGTTC
GACTTA
TTGCATGGAACTC
GTACTCAG
GCTGAATTCA
TCATGAACTG
ACTGATGTCA
GTTCTAGCA
AGTATCCG
TAATCGCG
TATACTGAGC
GAATCT
CTCCTGATAAATGG
TTAGACGCT
CATTAATGCG
TATGTAGCC
CCAAGGTT
CGCATGTAT
GCTATA
TTACAG
CAGACTTTAG
GAGTTCTACA
TAGCGTAC
CGGTCATTCAAAGT
GATCAGTC
GTCAAT
ACTCTGATG
GCTGTGCAATTAC
TCGGATAC
GACATCTG
GATATC
GTATCCAGAT
ACTACTGTCATGG
CGTAGTATC
TGCTAGCA
ATGTGACATC
TCAAGT
GCCATTAGT
TTCCGGAATA
ACATGT
TGTATCCGA
GTTGCATAC
CTTAGA
AAGTTCTGC
ATGCGATCCATGT
GTAGTATACC
GTTAAC
ATCATG
GTATCA
ATTGCAAGCGCTT
ACTTCTGTAGACG
TGTGTACCA
CAATAGGTTC
CTTATGGAC
ATCATGCTAG
ACTGGCTAT
CGTATA
CTGTACAG
TTAGCACG
AGGCACTTT
CGATATGACT
ATCATG
AACTGT
GGTCTACAT
GATGCTATAC
CATTGTCAG
CATGCGATAT
TGCAT
CAATGT
CTACATGTTAATGGC
TTTACCGGA
CTAAGCGTAT
TGGTACCATA
TGTTGCACA
ATTCAGCTG
TTTCCGAGA
TGCA
TTAGAC
ATTCG
ACGTTACTG
ACATTG
AGATCT
ATGATC
TGTCGATCA
ACCTGTCTAGATGA
TGCTAGCTACTAAG
GCATAT
ACGTGTACTA
CAGTTCAG
CCAATGGATT
TTACCAAGGT
AGTTGCAC
AGACTT
CGATTTAACTGGC
ACTGTGATC
ATTTGACCG
TTAGCA
GCTTA
GTAATC
CGTAAT
TTAGCA
ATGGAACTCTAGTC
CTCAAGTTG
ATCAGT
GACTCTAG
AGCCTGAT
ACGGTTATCCAGT
TGACTCAGTA
AATCTTGGC
GACACTTG
CTTAGCTAAG
TATCGA
ATATGC
GTCTCAGA
ATAGCT
ACGTAT
ACGT
CGGATCAT
ATGTCCTAG
CTTATGAGC
TGCTCGAA
CTGTCAGA
GATCTA
TGGACCTTA
TTGGTAACAC
GAATCT
GTCAATTCG
TTGCGCTAA
GTACTA
TGACAGCT
AGTCTGCA
ACCAGGATTT
ATGGCTTCTAACG
GATCTA
AGGACTTTAC
TGTTGACCA
GCTATAGCT
AAGTTACCCATTGG
GCATGTCATA
GATCTTCAGA
TACTGGATC
TAGGCTTAC
CAATAGCTTG
TAGGTACC
TCGTATGATGACC
TCTCCGTAATGAGA
TAGCT
GCTTCTAGA
TCGGACTAAT
GTCGTACA
ACCGTTATAGTCG
GTCCAATGT
AACCGTATGT
TGGCATACTA
AACGTTGC
TCAGCGATT
ACCGTAGT
CGATATGCTATCG
TTTGCAGAC
CAAGTT
GGCTACTA
TGGACTTCAA
AGTCAT
GATTCGAC
TTAAGCCG
GCATCAATTTGACG
TACGTA
ATTGTCTAGGCACA
GTATCA
GTATC
TAGAGACTTC
CTAGATGCAT
AGGATTCTAC
ACTGTTCGAA
GCTAATGC
ATCGAT
CTTAGGCATA
CTTAAG
CTTGAA
AGTTCTAAGC
TTGCACGTA
TCTAAGTGTCAGTAC
ACGTAATCTG
CAAGGTTCT
TTAGGGCATACACT
GATTCA
CTAATAGTCG
TTGATGACAC
CATTCGTAAG
TACGATGTC
GCATTTCGAA
ATTGATGCAC
GTTCAA
CTGCTAAG
GTCTAA
AACTTG
CACGACTTGATATG
ATTGAAGTGTCCC
GTTACCGA
GCTAAGCT
TGACGTTCA
GTTACTCGTGCAA
CTCGATTAG
T
GTACCTAAGGATCT
CTAATCGGT
TAACTGGATC
CATAGT
ACTAGTGACT
GTACTCTGAA
CCGGAAATTT
GACATTTGC
GTCGTACATA
GCTATA
TAAGTC
AATTGC
TTGAGCATCA
TACCTGGAAT
CCTTGAAG
AAGTTC
GATCT
CTAAGTGCT
GCAT
ATCGTCAAGT
AACGTCTTGA
GTACTGAC
CCTTATGGAA
TGCTA
GTTCTGACA
ACAGATCTTG
TTAAGC
TATGCATGCTCAG
ATGGTCCCTGAAT
GTTAAC
TATCG
TTATCGAGCA
GATC
TAGGCCTTAA
GTTATACCG
CAGGACTTT
ACAGTT
CGTATCGAAT
CTGTGCAA
GGATCAATCT
CAGTTTAGAC
ATTCGGGAATCATC
AGTATC
AGCTTTCGAA
TGACGTACT
ATTAGACGCT
TGAACTCGTA
CCTGAATG
GACTTCTTACGGA
TACTGTCAG
AGTTACGTC
GACTGATC
TCAG
AATTCTGCAG
ACGGCATT
TGCAATCTAG
TACTGA
TTAACGCTG
AGTACCGTTA
GTAATCTCG
GCTGCATTAA
TACGTA
CAGTGTTACCGTAA
TTCGGAACTACGAT
AACTAGATGCCTGT
CGGATATCT
TAGATC
CGTGAATCT
TATCG
AGGTTACC
GATGTCAC
GACATT
GTCAAGTTC
GATACCTGT
CGCATGAT
TCTCATAAGG
CGTTAA
GCATTA
GATTCA
CTTTAGACGA
TCTGAACTG
GTTACTCAGA
TGGACTCA
GCACTGTA
ACGTT
TGAGCTTAAC
CATATG
CGTATGACT
ACCTAGGT
TACGCTTAG
GTCAATATCG
TGACT
ACAGTT
GTTAAC
AGCATT
TATCGA
ACTGATGCTA
GTGCATTCA
ATGTC
TATCGAGTAC
GTTGACCAT
GTCCAAGAGTTTCA
ACTTGA
TCGTGAAC
TACCGTTGA
ACGGCTTA
CATGCTCGTGAAAT
TATCGGAC
TACTG
ACCGATGTAT
TCGACCAGGTATT
GCTGCTATA
ACTATAGCGAGTCT
TCGATGCA
ATGCTA
CGAATGCTT
GTCACATGT
AGTTCACCGTTGA
TTGCACAG
TAGATCAGTC
ATCG
GCATACTG
GACCTTTGA
ACGAGCTT
ATATCG
TATCG
ATTCGA
GCACTGTTA
TCGTAGACT
TTAACG
AATTCTGCAG
TATAGC
GTCGATCATA
ACTG
CTGTAA
TACATGCATG
ACTTCGTGA
AGGTATTCAC
TGTATCGCA
TTAGC
ATACGGTATC
CGTATATCG
GTTCGACAT
AAGTCATGCT
ACTATG
CGAAATTGCT
CTCAAGGT
CTTGTACAG
TCGTAAGCTA
GTTCAA
AGACGTTTC
ACTATCGG
TACTAG
TATGC
ATTTCCGAAG
GGATCTAC
TTAGTCGCA
TTCAAGGCAT
GATACTGTC
ATCCGGATTA
CATAGT
AAGTCTTCG
AGTATC
CACTTGAATG
GCTAGATTC
TATGCA
TGAC
TATACG
ATATGC
TATGGTAGACATCC
AAGCGTTACT
CAATTTACGG
GATTATGCC
GTAATCGC
TGTTACCGA
TAACGT
TACCGTTAAG
TCATGGCA
TAAGCT
GGACTTCATA
CCAGATAGTT
ACGATTTCGA
TATACCGTG
GATCAT
TCATG
CGGTATCAT
CTGATCGAT
GATTCAGC
TCATGA
GTACT
GCAATT
CTGTAA
GAAGCCTT
GTATTGACTACCG
TTCGTACAGA
CGATCTGA
TCATTGCAG
ACTTGGACT
GTCCATGA
GATCTA
TACCTCGGAGTTA
TTTAGGCAC
ATCGCATTAG
TGTCAAGACT
CAGCTTAGAT
ACGT
AGCTGACT
TGAGCTCTAA
TCTATAGGC
ATCACGTG
GTTCA
AACTGT
AGTTCTCGA
CGATTA
CAGGTACTT
ATGTCA
TTATCCAGG
TCACAATCTATGGGT
GCCTTGATA
GCATTA
ATCGAT
ATACGT
AATACTGTCG
GCAGTTCAT
TCGATA
TAACGGTTAC
TAAGCT
CGTATCTAAG
TAACTTCAGG
CTATAACGGT
TGTAACCG
TAGC
GTTAGTCCA
CGAATTCG
CTGAAT
TTGACA
TATACG
TAACCGTAGT
GGTGTAATCTCCA
TTCAATGAGC
TTCAGACAGT
GTCCATATG
TTACAG
ATTGAC
AGGTCCAATT
TACGTACG
AAACGTTGCT
AACTTCGTAG
CGGATGATTATCC
GTTACAAGTC
GTTCCTAAAG
GCTCGATA
CATAGT
CTAGCGAT
AGATTTCACG
TGGCTAAC
GAACTT
ATTGCA
CCTATATGGA
TTGGTACCAA
CTAAGCTTAG
ATATGCTGGCCTA
GAACTTAGTC
AAGTCT
GTACGATC
GTTAACCAAGCGTT
ATACGCTGAT
ATGGACCT
TCGCATTAGA
CTCTAGAG
CAGATT
ATTCG
GACGTATTC
TCGATAGC
GTCA
TTGACGACAT
ACGCTGAT
GTTAACACGT
GGCTTCTAAA
CGACTATTG
AGAACTCTGT
GTATACAAGCGTCT
ATCATGCATG
CTAGCGAT
CAGGAATCTT
CTGATA
ACGTGACT
CTAAGATGCT
TTAGCGAC
CATTAGCTAG
TACTGAGCTA
GAGCCTATT
CATGATCTG
TACTAAGGTTCGC
TCTTATCGAAGGC
TCAAGGCTCGTTA
AGTCAT
CGTA
GATCAT
ATCTAG
CTATAG
TAGTACCATG
TGATCGTGAACTC
TAACTG
GTTAACGTC
GCAT
ATGTAC
GTGAATCC
CTTAGACG
TGATAGCC
CACGATGATT
AGATCATCGT
GGTCTCAAT
TCCAAGGT
AATGCT
ATGTAC
CGACTCGGAATATT
CATGATTCG
GAACGTTCT
TACTGAGCTA
AAGTTGTCC
ACTGTA
CTGA
CGGTTACATA
TTGACTACGAGATC
CTGA
ATGTAGCTC
T
GATATC
GAACCTTGT
GAAGCCTTTA
TCAGAT
TCACGAGT
CATGTTTGCAGCA
GTAGTCCA
ATCGTCATG
AGTACGTC
AGTTCGATC
AATCTTCAGTCGAG
CATAGT
TAGTCAGC
ATTGAC
GCGTTCTAACGAT
TCGACTAG
ATTAGC
TAATCG
GCAACTTTG
ACTAGGTC
ACATATTCGTGGC
GTCATCGAAT
GGTAGACTTCCAT
CAATTG
CTAG
AGCTTA
TATCGA
ACTGATTGC
ATGCT
TACG
TAGGTCTCA
CATTGTACG
CTGGATTACA
ACGTAGTTC
ACAGGCTTT
ACGTTA
GTGACTCAT
AGCT
ATACTG
CAGATT
AGATCT
TCAGTAGC
GGCTTACA
AGACTCTG
AATGTC
TTAAGCCGT
ATTTGCGCA
ACCTTGGAATGACT
GTTAGCCAAT
TCGCTGAA
GATTAGCC
GCATAT
CATGT
GAGCTATTC
GGACTACT
GTAACT
TGTTCAACAG
ATGCGCATACTTG
AAATTGCTCG
ATTGC
CATGGTCACTGTA
AGTATC
AGCT
TGCTGTACAA
TAGTGTACC
AGTATC
TTGAATACCG
GTCAGTCA
AATCGT
CATG
CTAAAGTGTC
TACGAT
ACTCTATGGATGC
CTGTGAAGATCCT
ATCACGGTT
CGTTAATGC
CAGCAGTTTA
CAATATCGGT
GCAGACTTAT
GCTAGATCAT
ATTAAGCGTC
GACTTA
TTAGCA
GCTGTCAAT
TTATGCCGAA
TGATTGTCGACAC
GTCATTAGC
AATGCTCAGT
ATCG
AGCTTATGGACTC
ACGGATTCT
ACTGGATCTA
AGCGTCTTA
GAATCCTG
GAGCTCAT
GATCCTTAG
CTGATA
TAGCTA
AGCATT
TCTGAA
CATTG
TTGGCCAAT
AGTACACTGT
ATAGCT
GAATTAGCCT
TACTGGTAC
ACTG
GCATAT
TAGCTA
ACTACGTGTA
ATTCTCGAG
GTATAC
ATTTCGGAC
TTAGACATCG
ACATGT
ATTCCAGTG
ATGTCACG
GTACATCAGT
GAAGCTACTT
GCTAGCTA
ATCGCGTAT
TATAGC
TGAATC

The data for dna.txt is: 

The sum is: 33
The mean is: 8.25
The variance is 4.91667
The standard deviation is 2.21736

The relative frequency of A is: 0.272727
The relative frequency of T is: 0.30303
The relative frequency of C is: 0.212121
The relative frequency of G is: 0.212121

The relative frequency of AA is 0
The relative frequency of AT is 0.1875
The relative frequency of AC is 0.25
The relative frequency of AG is 0.125

The relative frequency of TA is 0.1875
The relative frequency of TT is 0.0625
The relative frequency of TC is 0.125
The relative frequency of TG is 0.1875

The relative frequency of CA is 0.125
The relative frequency of CT is 0.1875
The relative frequency of CC is 0
The relative frequency of CG is 0.0625

The relative frequency of GA is 0.125
The relative frequency of GT is 0.0625
The relative frequency of GC is 0.0625
The relative frequency of GG is 0.0625

The 1000 strings based on the Guassian distribution is as follows: 
TAGACTAGCT
CGTATA
ATCGTATGCA
CTGA
CTATGA
ATCAGT
CAGTATTTCGGCA
ACTGAT
GCGTAATC
TGACTA
TCGGTAAC
TCCTAAGCAGGTT
GCACGTATT
CTTGCTAGACAGT
TTGCAA
TCCTAATGG
TAGCAT
GTCTAA
TTCACATAGG
AGCGCTAT
AAGTCT
GACTACGT
AATGCT
CATTACGGT
GATTC
TCGACTAGT
TCTAATGGC
TACCATGTAGCTG
GCTAGTATCA
TTGAATCGACTCG
TTTCGACGAA
CAGATT
ATCACGTG
CAGCTTAGTA
TTCAGCAGTA
GTCACGTA
GACATT
TAGCTA
ACTTGGCA
ATCATG
TCAAGT
AATCTG
GTACTATCAG
TCAGTTAGC
AGCATAGTCT
AGATTGCCTGTAC
ATCG
ATTCGAGTGTCTCAA
GACTAT
GTTAAC
CTGATTGGCACTAA
CCAGATGATT
ATCAGTCG
GACTTCGA
ACTGTA
AAGCCGTATT
AAGCTT
TGTGACACT
ATTGCA
CGTGAACATT
CTAATG
GGTTCCTAA
CAGTTACGCTATG
AGGTTACC
CACGGGATAATTTC
TTCGAA
CTAGAT
TGACTA
TAAGGTTCAC
ATCGTA
AGGTCTCTA
GGACTTTTCCAAG
GTCACGAT
AGTTATCATGACCG
GAATGCCT
AGCACTGTAT
TCATTATGGCGAC
GGTATACCAT
ACTTAGCAGT
TGACAT
GTATCTACG
TTAAGC
CAGTAGCGTCTTA
GATTAC
TGCACTAG
GACTTCGA
AGCCTATG
TAACTG
TGTGCCAA
ATCGATCGT
TGTGAAATCCCATG
TAGCCATG
GCTAGAATTC
CGAACTTTG
TCCATGGA
CCTTTAAGG
ACTCTTCAAAGTGG
ACCGATGT
CTAGTCTGA
TAAGCT
GGTAGTCTACACTA
AGGTCTCA
GGCTTAATCA
ACTATCTGCGAGT
GTTACCTAG
TCTAG
GTCAAT
GTGTACCAT
TGCTAA
TGTACCGTA
GCATCGAT
AGCTTA
TCAAGT
CTAGACGT
CGTCGTTAAA
ATGCGCCATAGTT
AACTTG
CTATCGTAG
TACCGGTTAA
TATCAG
TACAGGGCCATTT
GGCTTGAACACATT
CTGTCAGA
CTAGCTAG
TAGTCA
CGGTCTAATA
ATCCAGTGTA
ACTCAGGTT
AATTGGCCT
CGTCTTCAATAGG
TCAGACTG
GCGCTATTAA
GCATAT
ACTG
TGACTA
TTAACGTACG
TACTGGCCAGATAT
CTTAGA
CTTGAA
TTCGGAATCA
ATGCTA
GTAACGTACT
AACTGT
TTAAGC
ATCAGCTG
ATATGC
ATGTACGACT
TCGTAA
AGCCTTGATA
GGCCTATCAAATTG
GTCAAT
CTGGATATC
ATCCATGTAG
GTCAAGTC
ATATGC
ACTTGAGTCA
ACTTACGTGA
AAACTTCTGTGGC
TCTAAGATTCCGG
AGTCTA
CCAGATTTGA
GTAAATGTCC
CCTTACATTGAGGA
AATCGTCG
CAGAGTCT
AGTACCGATT
GATGCCATT
TAGCATCAGT
TGGACTAC
CATATGACTG
CGTTAAGC
CTGTGAACT
TCAGCAGT
TCTAAG
AGTTC
ACGT
TCAGACGATT
ATGACTGC
ACTTGAGCTAGCTA
CGTAT
AGCACTTGT
CGATT
GCCTGATAT
AATTGGCCT
CAGTAATGCT
ATCGGTATC
GTTCGACA
ATCGACTGT
ATATGC
CGTAAT
TATAGGCACT
GCTTATGAC
TAACGT
GTTACA
GTCATA
TCTTGAGAC
AGCAACGTTT
CTTTGACGA
TGAATC
ATGAGCATTC
TCATTGAACG
GGATCGCTAACTT
TAACGTACGT
CATGAT
ATTCCATGG
ATTAGACGTC
CATTTCTAGGACG
GCGATCATT
GAACTT
GTGACTAC
CATCATAGTG
TCGAGTATC
ACTCGAGTAT
CAGTT
CAGTTA
GGCTTAAC
ACGT
TCTAGAAGCT
GTGCTCATA
GATCAGTC
TACGCTGAAT
GTTCCGAA
ACGTGATTAC
TACAGCTAGT
AGGCCATATT
CTTAAGCTAG
CATTTACAGG
TCAATG
TAATCCATTCGAGG
GTATAC
TAACGATTGC
TCCAGTATG
GAACTT
CATTCGTAAG
GCAT
CAGTTCATCGTAAG
ATTCAG
ACTTAG
GGACTCTA
CCTTAGTGA
TGCAGCTTA
CTAGT
TATAGGTACC
GTTCATGCA
TAACTTCAGG
TCGACAATTG
AGTATCGC
AGAATCGTCGTCT
ACTATCATGG
AGTCT
CTAATG
GCTTA
GTCCTATAGA
TACG
TCAGT
TTCAGA
ATCAGT
TCAAGT
TAAGTC
GAACTT
TGTCAGTCA
GAAACTTTCG
TACGACGATT
TTCGA
TCGATA
CAAAGTTTGC
CTATAGTCAG
TTCTACGGA
CGATTGCA
TATAGC
TACTAGCGT
TGCAT
ATGTGCCTA
CTATGCAG
GTAACT
TCTCGAGA
ATCGTGCTATAGAC
CTTGAA
ACTG
ATCCGCAAGTTATG
CTTAGA
GAGTTTTACCACGA
ACCTAGGTT
GGTTTAACCA
ATCGATACTG
AGGCCTTTA
CTGTA
CGAT
TCCTACGTGTAGA
TATCGA
GAATTC
CGTAAGTC
TGGATACTC
TAATGCATCG
GTCA
CTATAG
TACGACGTTA
GTCATACG
CATGTCGAT
TAATCGTGCA
TGATACTGCAAGTC
ACTCGTGA
CGTATCAGTA
ACTGTA
CTATAG
CAGTTGCAT
CGAACTGTTA
TGAACT
CATTAGTAGC
TACATTCGGA
TATCAGCG
ACGTAT
GTTAGTAACC
CGTATTACAG
CATTCATGG
GATACT
CTATAG
AGCTAT
GATGCACT
TAGAATCCGT
CTCGATTAAG
GACGTCATTA
TTGACACG
CTAATG
CGTAAT
ATGTGCCAT
CTCGAGTAT
TCGATTAAGC
AGATTTGCC
TACTGA
ACCTTAGG
GGTTTAAACCTCG
AGCGCATCTGTTA
TCCGGAATCGTTAA
TCCTAGTAG
CAACGTTTG
ACGTAT
GATACT
ATGTAC
GTTAC
TACGTAGC
AGAGTTTGCACCT
ACTTG
AAGTTCGTC
TCAAGT
CGAACTGT
ATGGCTAC
TAGTCGCTAA
CTAATGGCAT
TTGACA
TCACGGTAT
TTAACATCGG
ACAGTT
ATCGCATTG
GTATC
AGTATCGCAT
ATTCAG
GACATT
GTCA
GTATCTGCA
GTCTCGTACAAGT
ACTGTA
TCAGTAGCTA
TCGGTACTAACGTA
GTCATTCGAA
GCGTTTCAA
ATTGAC
GTATCA
TAACGT
TACGACTAGT
TACCTTGGGAACT
CATAGT
GATCAT
GATTC
ATTGAC
TAGCAGCTATCGT
TAGCAGCTAT
TCCGTGCAATAGTA
GTATCATGC
AAGATCTGCT
AAATTTGCGC
GTCATA
TCGTTACAG
ACCTTGAGT
TCGA
AATTGC
TATGCA
TTGACA
ACTGAT
AATCGGTACT
TCTGTCAGAA
TAGTGCCATA
GACGTATACT
GTCTATAGCA
CCGGTATA
TGGCCTATGCATA
TGGATATCCA
ATGTCAATGC
GAGTACCT
TGCAATTGC
TCATG
CATG
TAAGTGTACCGCT
TACTGAGACT
TGACCAGTTA
GGTTCAAC
TCGATCGA
GCTTAAACGT
CATTACGGT
CTCAAAGGTT
CCGAATTCTAATGG
TCAAGTTCG
ATTCCGTAG
AGCTTACTG
GAACTCTGT
GTAGTACTC
TCATGA
CTCAAGTG
GCTTATAGC
CAGGAGCTTCTAT
GTTCCAGA
AATATCTCGG
GTGACCAATT
ATCATGCG
ATGCGTACT
GTACCTGA
CAATTG
TCATAG
GCACTATG
GCGTATCTA
TCTAAAGAGGCTTC
TCTGAA
ACTTG
TATAGC
TCATAGATGC
TCAGGAGTATATCC
TACG
ATCAGT
AATTGGACTC
TCAAGT
AGGTTAACTC
ACGCGTTAT
AGCAGTTACT
TCTGGCATA
AGGTTACCT
ATGTCGCACTAGT
ACTG
ACTCGAATGT
CGTTGATAC
TTACGACG
ATGTAC
TCATAG
CCAGATTG
ATTAGGTCC
GGTATTACGCCAT
CAATCTGG
TCATAG
TTACGTGCA
CTCATAGATG
TCTAGA
TATCACGGT
TCTAGCGTA
CGAATTCGT
GGCCTATA
TCTAGA
AGCGCATT
ACTTGA
CAATGTCG
GCTAT
TCGTGAATCA
ACGTTA
TGACT
TTCAGATGC
CTATGGTAC
TAAGCT
TCCAGGAT
AGTCATTCAG
CCGAATATTG
GCTACTGAT
ACTTCGGTA
TCGGTCATA
AACTCGTAGT
CTAAGGTC
GATTCA
TCATG
AGAGTCTATC
TCGAGAACTT
GTAAGCATCT
CCGAAAGTTT
ATGCGCAT
CAGGTACT
GCAACTTG
CTCTGGAA
TAACGGTTCA
GTATTCCGAA
CAGTTA
CTTAGGTCA
TCTACGTAG
AACGTT
TATAGC
CGATTACG
CATCTGTGA
CTCAGAGTT
ATGTGAACTC
TCCAGAGT
CATCTAGTGA
ACATAATCTGCGTG
CCTGTTGAA
TAGAGCCT
AGCAGTCT
TCCGATGAAT
AAGCTT
ACGT
GCCTGTAAAT
CATTTAGCG
GCCAGTTATA
TCAGTGCA
GACTAT
CGTTA
CTCAACTGGAGTT
CGCATAAGTT
TCGTCAGA
CTAATGCGT
ACTGATTGCA
ACTTAAGCAGGTTC
TGACAT
TCTAGA
CCTGGATAT
TCACAATTGG
GCGCATTTGACTA
GCAT
CACGTTTAG
TAACCTCTGGTAAG
TCGATTATCGGCA
AGCCTTGA
TACCTGGA
GTCAT
GCGCATTAT
CAGAGTTC
CCAGATGT
TGCTAA
TCGTAACG
ATTCGA
AGCTAT
TATGAGTACC
ACGGCATTTA
GGTTAATCCA
GTACTCTGA
GACAGTTCTGCTA
ACGTTA
CGTGATTCAA
TCCGATATGA
TTAACG
CCATTAGAGT
CTTGA
CTAGTA
ATTGTTAGCACGC
ATGCACTATG
CGCGATAT
TATGCTGAAC
AACCATTGTGACGT
ATCATGTCGTAGC
ACTGCTGA
TTAACCTGAG
ACGGCTATCTAGT
GATTCACGT
TTAACGTGCA
CTTGA
GTACT
TCGTGTAACA
ATTGAC
TTCAAGCTG
TGCAT
ACGTGTTAC
CCTAGTTCTAGGAA
GCAGTTATC
CACTTGGA
CATAGT
GCAAAGCTCTTAGT
ACTCAATTGG
GGAATCCT
CGACGTATT
TCAGTCATG
GCGTTTGTCACAA
CCATGTGTTAGCA
TAACTG
GACTGATCAT
AAGTGCATTC
ATACTG
CTATGCTGAA
TCAAATTCGG
GGAACCTTT
GTCAT
GTAGTAACCT
AGACGTCT
AGCGATATTC
GCAATCGTAT
GTCGATATAC
GACCTATG
TTGGTCACA
TCAGTA
AAGTTC
ACTG
ATGCAGCTT
TTCAACGTG
ACATGGTGACATCT
GGTTCCAA
TACCAGTGCTGAT
TTACAGACGT
GTATCCAATG
AATTCTCGAG
GTTAC
ATCGTACG
CAGACTTG
TAGCAGTCT
ATCATGCGAT
ATCGT
CTGA
GAATCT
TTGTAACGCA
TCTGAAAGCT
GCTTTGACA
TCATG
CTTTCGAGA
ATGAGTTCAC
CCAGAGTT
TCATGA
TGCAT
ACTTAGTGC
TGCCTGTCAAGTAA
CTTAG
AGCTAT
ATAGCGTTC
GCTTA
AAGTGTCACT
AGTGCATCAT
CGCTAAGT
TTGTCACGA
CCTTAGTAGA
TTACATCGG
CCAGTGAAATCTTG
ATCCGGCTTGAAT
CTTTACGAAG
ATCTGTGAAC
ACGTTTGCA
TTATGCGCAA
AGTCTATGC
AATGCCTG
TATCAGCGT
TTGCAA
GATGCGATTCATTCA
TCAGTGTCA
CAGTCTTGAA
AGACCTGTAT
CTCGAGATTA
AATGTGTACC
ACCGATTG
TAGC
GTCTAGCA
CGATAATGTC
AGCCTTAGAT
CGTAGCAT
ATTGCCGATA
GATGTCTCA
CCTTAAGTG
GTAGCTAC
ACAGTGTC
GATTCCTGAA
GACATT
CAGTGTATCA
TTTACGCAG
ACTGAATGCT
TAGATCTACG
GACTTA
GACTTAGCAT
TTTGCAGACA
TAATGC
TCGA
CATGAT
TCGGTCTAA
TAGTAGTCAC
AGATTC
TCATAG
ATGTAC
GTATCA
CGCGAATT
TTACG
CATGAT
TGACAT
TGCTCTGAA
TAGTAACTCG
ACTTGA
AGGTACTCT
ACATTTACGG
TCGCTAATG
CTAGATACTG
ATTAAGGCCT
TCTGA
CAGTTA
TAACATCGTG
CTAAGCTAGT
CCATATGG
ATTTACGGCA
CTATAG
ACTCTGAAGT
TACTG
ATCGTACTAG
TGCATCGAT
CATGTCGTAA
TATAGCCG
CAATCGTGAT
ATGAGACCTT
CGACTATTGA
GCGCATTA
CCTGTTAAAG
GACATGCT
TTCGTGAAAC
GACTCTGA
CTTAAG
TTACAG
CTAGGCTA
AATTCG
CATGAT
TCAGTA
ACGGCTGATCTTA
ACACTGTAGT
ATCAGT
TGGACACT
TGTCCTAAGA
TTAGCAGCAT
CTATAG
TAGCTGAC
CGGGTACCTAATTA
CAGTCATG
AGCGATTACT
TGTACAGCT
TACTGA
ATACGTAGACTTCG
TACATATGCG
TTGCGTACA
CCATAGGT
TGATCTCGAA
AATGTTGACCGTCA
GCGTATCAAT
TAACTG
CTGTACAAGT
AGTCT
TCAGT
AGTCATCG
GCTA
CACTGTGA
TAGTTCCAGA
TAACTCGG
CACGTTATAG
TCAGACTGT
CTCAGTTGA
GTAACCTGT
AATCTGCTG
TCTAGGAC
CCAGGTAT
TTAAGCGC
AATTCTGGAC
CTCTGTAGA
ATTAGC
GCTGAATC
GTACTCAGAT
CCTTATGGA
CACTTGGA
TCAGTGATCA
TCTGA
ACCGGTAT
GCGATTCTA
GCCATTTAGA
TCGATA
AGCACGTTTA
ATATGGCCGTTCA
GCAATT
GTACTA
AATGCTCTAG
GCTTA
ATTGCA
TACATGGCAT
GCAAGTTC
AGCTATCGT
CGGTTACA
GTGTACTCAA
GCCTTAGA
ATATGC
TGAAGTCACGTCT
CAGATT
ATCTGA
ACGTGTAC
AACTCGGTT
TTGGCAATCA
TGATAC
TCCTAGGAT
TACGAGATCT
TACTTTGAGCCAG
TCCGTGGAAATCT
GCTATA
AATCTG
AATGGTACACGTCT
ACTTGACGTA
TTCAGA
GCAACTTG
ACGATATCTG
TCATAGTGC
TTAACG
CTGTACAG
TCCTATAGAG
TTACAG
ACTTTTGGCAACG
CATTATGGC
CATTGACGAT
AATCCGTG
TA
TGACGACT
TGCATAGTC
ATCGAT
GAGCTCTTA
GTAGTCCA
GCTAGTAC
ATAGCT
ATCATG
GCAGTCTATA
AGCTTA
GCTGCTAA
TAGTCCAAGT
ATTCTCAACGTGAG
TCAAGTGTC
GCGACTAT
TGACAT
ATCGAT
GTTACA
GACCATGTGCTAAT
GCTAATCGAT
AACTTTGGCA
CAGTACGTAT
AACGTCTATG
TGGACTAC
TCGTATCAG
GACTT
ATTCGATACG
GGTAACTATC
GTTCCGATA
ACGTCGAT
GCTTCATGA
TACTAG
CACGGTTTA
TCGTGCATA
GACTT
GCAATGTCATCGT
CTTCCTGAGAATG
GAGACCTT
TAGCGAATCT
GATTAGCTGCCATA
CTGATTGACA
GATTCCGATA
ATCTG
GCTATCGA
TTAACG
TTGACATGTCGAAC
GAATCT
GTTACTAAGC
TACATG
CACTTGTAG
GTCA
GCATT
ACGATT
GAACTCTAGT
ATAGCGCTT
TCAGTGAC
ACTATTGCG
ATATGC
AGCCTGTAT
ATTGACTGCA
ACTTAG
ATCATG
GATCGATTAC
ATAGGTCC
GATCGATTC
TAGATGCCT
TAGTAC
GGATACTC
ACGATT
ATCTGTACGA
ATGGTCCA
CAGATTCG
CGATTA
AACTCGGTT
GCACATGT
GTTCA
CGTACAATTG
TACTGCAGGAATCT
TCTCATAGGA
TACCATGTG
TGTAAC
TCTGA
TACGT
GATCTAGC
TTGGACCATA
GTATACTAGC
GAATTCTCG
TGTAAC
ACTCGTGTA
CGATTA
ACATGCTTG
CTTGAA
CCATAGCTATATGG
ATCATGCCTGGAT
ATGCGTATAC
TAGACT
TAGCCAGT
TACTGTATCGAGC
ACGCTGGTTATAC
TCATAG
GAGCTCTTA
TAATCGTCG
TCACGGTAT
GTCAGCAT
TTCGATGCA
TGATC
TGACTA
AATCTGCGT
AATCGT
GATCTGAC
AACGTT
CTCAGGAT
TGCGCTTAA
TGAACT
TACCGGTAT
CCACTGATATAGGT
TAGAAGTTCC
TGACT
GTGTCCTAAA
ATTCCAGG
CATATG
TGGAATCTCA
ATATGCTGC
CTCAATGGTA
TCACGGTAT
CTAGT
TAAAGGCTTC
AGCTCTTAG
GGCCTAATTA
CTATG
ATGGCTCATGCATA
CGTATGTAC
TGAATC
TTCAG
TCATGA
TCTAGCTGA
ATACGTGC
GCATAT
ACATGCGTAT
AT
GCCTTAGA
AATGAGTCTC
GAAATCTTCG
CGAATTCGT
AGCATTTGACAGCT
CGGTAACT
TAGGAACTGTTCC
CTATGCTAG
AGCTAT
ACGTAT
TCTCAGAGTA
AGTCTGCTAA
AGATCT
TGAGCATCTA
TAGCCTATGA
ATGTC
TTGCTAACTGGCAA
GACT
CGTACAATTG
CGATCAGT
ATCATG
TCATCGGA
CCGATATTG
TGACTCAGT
TCAGTA
TGCTCTAAAG
CTCAATGTAG
CAATTATGCG
GTTCAAGCTA
TAGTCA
TAGTC
GCATACGT
CGATACGT
CAACTATGTG
TGCAAT
GTTACA
TGAACCGATT
TATAGC
CGTCTAGAAT
AGCATT
TATCGCGA
ATGTCA
TCATAG
ACTTCGGATA
ACGTTCAG

The data for dna.txt is: 

The sum is: 33
The mean is: 8.25
The variance is 4.91667
The standard deviation is 2.21736

The relative frequency of A is: 0.272727
The relative frequency of T is: 0.30303
The relative frequency of C is: 0.212121
The relative frequency of G is: 0.212121

The relative frequency of AA is 0
The relative frequency of AT is 0.1875
The relative frequency of AC is 0.25
The relative frequency of AG is 0.125

The relative frequency of TA is 0.1875
The relative frequency of TT is 0.0625
The relative frequency of TC is 0.125
The relative frequency of TG is 0.1875

The relative frequency of CA is 0.125
The relative frequency of CT is 0.1875
The relative frequency of CC is 0
The relative frequency of CG is 0.0625

The relative frequency of GA is 0.125
The relative frequency of GT is 0.0625
The relative frequency of GC is 0.0625
The relative frequency of GG is 0.0625

The 1000 strings based on the Guassian distribution is as follows: 
AATGCTACGT
AAGTCGTC
ATACGATCTG
GTCAACGT
CGTAAAGCTT
AGCTCATAGT
CTTAGTGAC
TCTAAAGGGTTCCA
AGTTGAATCC
TAACATGGCT
TAGC
TTACGA
CTGTATACG
TAGCAGCTT
TGACGCAT
TAGTACTCG
GGTCACAGTACTT
CTCGAATATG
ATGTATCAGC
ATTGC
GTACCAGTT
TCTAAG
TACCAAGTGT
CTATGACATG
TTAGC
AGGACTTTAC
ACCATCTGGAAGTT
TACACGTAGT
GCTCTAAGGATTAC
GTGCAACTAT
CTGTATTACCAAGG
CATATG
TGAACT
TACGCTAGT
CTAGTA
TGCATATGAC
GTCCGATATA
ATTTGCGACA
CTCATAGTG
TCGGTAATC
TCTAAG
CGTTTACGAA
CAGAGCTTAT
AGTATC
AGTTCCGA
ACGTT
ACTTGTGCA
GCTCAAGT
ACTATGGCTA
TGAAGGTACCTTC
AGATTC
GACTTACG
ATCGT
AGACTT
TCCGATGA
TCATCAGG
AATGCT
ATGTTCGAAC
TAACGT
CATCAGCTGGTTAA
CGAGCTAT
CACATTAGGT
TGTGCACA
CTGAGCATT
TTGATACCG
AGTCGCAT
CGTGTAATAC
AGTTAC
TAGTGCATC
ACCAATTTGG
AAATCCGTTG
CAGTCAGATT
AGACTT
ATGATACGTC
TCAGAT
AGCACTATGT
AACCGGTTTCAGT
GATTGATCC
GTGCATCAT
TAGTGACCT
AGTTCA
AGTACCGTT
CATGTA
TTGGAACTAC
TTGAAC
CGTACGTTA
ATGGACCTGATTC
GGCATTTAC
CATG
CGATAT
TGCTTAGAC
GTACTCAAGAGTTC
CAATAGTGCT
TTTGACAATACGCG
AAGTCT
GTTACGCTAA
TACGCATGT
TGCA
ACGATCTG
AGTTCA
TACTTGCGAA
GCATCTGTAA
TCATGA
AGTGTAATCCCGT
CTGATCATG
GCAT
CGTAAT
TGTAAGCCTA
CGATACTGT
GACTT
TGTAC
AAAGCTTCGT
TGACTGTCTCGAA
CGTAAT
TAGTC
AACTGT
TGCGCAAT
ATACTCGATG
CTGAGACTTA
ACGTTGCAT
GTCGTTCAA
ACCTGATAGGTCT
TAGTAGTCC
TTACGA
ATTAGC
ATCTCGAATG
CTCAGTAG
GTGCAACTGTAATC
TCATAG
AACTTCGGTA
GAATTCACTG
AACGTTAGCT
TGGTCCAAT
TCACTGAGAT
TAATGTACGC
AGCGTTAC
CGTAAT
TCTAG
AATGCTCACAGTTG
ACATCGTAGT
AACTGT
GAACCTGT
CGTTAA
AGGTCTCA
GAGTCTACTA
CAATTGACGT
AGGCTCATT
AGTTGTCCA
GCAATTGCATCGT
TGAACT
ATATCG
TCAGTA
AATTCG
TGCGCTAA
GTGCCAAT
CATTG
CCAATGGT
TAAGCT
TATGCA
CTCATGTGA
ATTGCGCAAT
GGCACTTA
TTGCAA
AGCCTGTA
TTCAAG
ACGTT
GTAC
AGATCT
ACATGT
TCTTTGCCGGAAA
AAGTCTCGAT
CTACGAAGTT
GTAATCTCAG
ATCTGA
GTACGTAC
TAACTG
GACTAT
AATTCCGGAT
GACATT
ACTTGTCGAACGAT
ATCGGACTT
GCTCAGATTA
TAGGCTCA
TTCAGCATG
GTCACGAT
TCGCGATAT
TGACAT
TACTGTCGTAAAGC
CAGTTAGTCA
CTGAAT
GACTAGTCTGTAC
ACTGTA
CGATCTGA
CGATT
CCTGGAAT
TTCGAAAGTC
CATTGTCAAG
CGGATCTA
GTCAAT
GTATCA
TGTCTGACAA
TCTAAG
ATGTCA
CGATATCGAT
GTCTA
CTTGAA
AAGGTACTCT
TATTAGCCAG
ACTCTAAGTG
AACGTCGTT
AGCTCGAT
GGATACTTC
GAACTT
GTCATA
TGCA
TAGTACGCT
GTAGCACT
CGTA
TACAACGAGGTTTTC
AGCT
GCAGATATCT
TTGTAATCCGCAG
CGCTTGAAAT
AACATGTCTG
CAGTTTCAG
TAATCCGGT
AGAATGTCCT
ATTCGGCA
ACTAGGTATC
CGGATCTA
AGATCT
AATTGCACTG
TCGGTTCCTAAAG
GCAGTTAC
TATAGCTACGTGC
CTGTCGAA
CTTAGCGA
AATGTC
TACTCGGA
TTGCAAGTC
GTTACA
GAATCT
ATCG
ACTGTTAGC
TCGATCAAGT
AATCGTCTAG
GATACACTTGATCG
TATACTGACG
ATTACTATCGGGC
AGATATCGTTCCG
AGTCATTCG
CTGATA
GATCTA
TTGAC
GCGACTTA
CTATGCGA
GACTATATGC
CTCAGAGTAT
CTACGAATTG
CGAAGTTTC
CATTGGATCA
TTGAAC
TATCGTGACA
GAATCTAGCT
CTTAAGGC
AGACCTTTG
TAGATTCCG
TTCGGACA
TGAACCGT
TACGACGT
CGATTGACT
CTCCATGATGAGT
CCGAAGTT
TTAGGACC
CTTGGATAAC
GCAGATATCT
CTCAGTGA
CGAATT
TACGTTAGAGCTC
GCTTACATG
TATCAACGTG
ACGT
GAATGCTCT
TCGAAT
TTACAACGGTTGC
TGTACGCATA
TTAAGC
TAACTTGCG
TGCTA
TCAGATCGAT
TACAGT
AATTCGCATG
TAGTTCGCA
TCTATAAGGC
AGGATTTGTCCCA
TTTACCGGA
GGCACTTTA
GCGACATT
AATGCTGTC
TGATCAACTG
TCTCCAGGTGTAA
AATTCG
ATGCAT
GATTCACG
AGACTGACTTTGC
TCTAGGTAC
ATCGTA
GACATT
TACATG
CTGTAAGTCATGC
TCAGTAGATC
GTGCTTCAA
TATAACGCGT
TTCAGA
AGTGACCT
GCCTTAATG
AGCATT
TCCTTGAAG
ATAGACTCGCTGT
TTCAAGGACT
TACGTA
ACGTTA
TTACGA
AGAGGTTCTATCC
ATCCTTGGA
CCATGGTTAA
GTGAATCC
TCTCGGATAAGTC
TGTATGCCAA
AGCCATGTTA
AAGTTC
CCTAGGTAT
AATGTGCC
TCTTGCAAGA
TAGTCAGCT
CTTTGGACAA
ACTCATGGTATATGC
TTAAGC
ATTGAC
ACATTCGTG
CATGAT
CTGAT
GCGCAATTAT
TCCGATGTAA
TCGCAATATG
TAACTCTGG
ACGCATGTT
GATGACTCTA
TACGTA
ATGCACGATT
GCTAGCTA
CAGTGAATCT
TTACGTACG
GTCTGACA
AATGTCTGC
CAAGGCTTTTGAC
CGTACTATGA
ATGACT
ATACTCGGTTGAC
TTGATCACGA
CCATTTGAG
TCAGAGCT
AGAGTCTATCGTC
ATCTAG
TTCACAGG
AGCTATCG
GATCTACG
GTCTGCTAAA
CTGATGATC
ATACCTGAGT
TTTGCAACG
GCCTAGTA
ACGAGTTC
TCAGTA
TATATACGCG
TCCTAAGG
TGGCCTTAA
ATTAGTCAGGCCAT
ATGATC
GACAGCTATT
TGCAGAATCT
CGTCTATAAG
TGCAT
ATATCGGTAC
ACTGGTTAAC
TCACTGAGT
AGTGTCTACA
ATAGCGACTT
GTCACGTTAA
AGATCT
GTAAACGTTC
GCTTA
AGCTCTTATCAGG
AATGTC
GTACATGCAT
TGCTAAGCT
CATAGGTCTA
TAAGCCTG
AGTATC
CACGATTTG
ATTCATGGC
GCTATA
AACCTCTGGATTG
GATC
TGTCAACGAT
AGGTTCAC
TTTGGAACC
GGCCATTAT
GCTTAGTAC
CGAGACTT
CTATAGAGCT
TGTAGTCCA
GCTTAAGC
ATACGATTCG
GTACT
TTTACGCAACGTG
CGATGCTA
TATCAG
CGTACAGT
CAATGT
TACGAGTCT
ATATGATCCG
TCAATCTAGG
AGCCTATGT
AATTTGCAGC
CGGCTTAA
CAAGTT
CGAATTCTGA
GTTATCCAG
ATAGTC
ATTACG
AGTGTCACT
GTACAGATCT
TAAACCTTGTCGAG
CATTGGTCA
ATCCTGAG
TGGTAACC
AGCCGAATTT
TCAAATGCGT
AGTCAACTGT
AGTTC
TATGTCCGCAATG
CGTTAGCA
GGAATTCC
GATTATAGCC
TAATCG
TACGCGATT
GTTATCAACG
ATCGTACATG
GCAAGTTC
AAGATGTCTTCAGC
GACATGTC
GGTTACTACA
GTTACTTGACAACG
AGATTC
ATCGT
CGATAT
ACATGGTCT
CATTTTCCGGGAA
CATATTGCAG
ATTGTACCAG
GGTATACC
GCTAATACGT
AACTTGCGTA
AACATGCGTT
TAAAGCGTTC
TTAGAC
TTGAATCCG
ACGCGTTA
TAAGCT
TCAG
CTGA
AGCTTCATG
TCAATGTCG
TTAAACCGTG
AATGTACGTC
TCAGAT
GCTCATGTA
TAGATCGTCGCAT
CCGTAATATGAGCT
CGGTATCTA
AACCGGTT
CGAATT
GCGTCATAAT
GCCATTAG
ATTGCGACT
GGTAACCATT
GCTCGAAT
CGATAT
CCTAGTGTA
AGTATC
AGTGACTCAGTCT
TACAGTTGCA
CAGTT
CATATG
TAAATTCGCG
TGTATTGACACCG
ATGCTTGCACTAGA
GATC
CCTGGTAA
TGCATGAATC
TGCTACATG
TACGAT
GATCTCATG
TCGGTATCA
AACTTTGCG
TTAAGC
CACTGGATAT
CTGTGACA
CAGGAATTTC
CTCGTAATG
GTCCATGTA
GCTA
AAGGTTCCT
TAGTCGACTA
TTCAG
GCACTGATAT
TCGGACATTA
CGAGTTTAC
AATGCCTTG
TTAGACCGT
ATCATACGTG
GACCGTAATT
TTCATACAGCGGT
TTAACGTACG
GAACTTTCG
TGTAAGCATC
TCGTGTAACA
ATTCAG
GACATT
CGGAATTTTGACAC
GATACT
AGTCCTGTAA
GTAATGCCAT
CAGACTGT
CCGGTATA
ATTGTAAGCC
CCTGTAGA
TCTAAACTGG
GAATTGCACT
ACAGTT
GACGTCAT
CATGCATGT
ATTCGA
TGTACAATGC
GTATGCTCAA
CGAATGCATT
TTCCGGAAT
CACTGTAGATGATC
CAATGGTGTCCAT
ACGTT
ATCTAAGCGT
TCACTAGG
TACTAG
CAGAATTCTG
CAGTAT
AGTGCATTTCAACG
TAGACT
TTACGTCGATAACG
ACGTGTACTA
TTGATAGGTACACCT
CACGGTTA
TACTG
CTAAATGTGC
TGTGACCA
GTTGATCCA
CGAGAGTTTATCC
GTTGACAC
CGCAATGT
ATCTGATCGA
GCATTA
TAAGTACCGT
TCTACTGGAA
AGTTGATCAC
TTCGCAGATA
TTAACGCG
CGTTA
AGTTCA
TACGTCAGT
ACGTAT
CGGTATATCA
TTGATCATCCAGGA
CGTTACAGT
GTATC
TTCCAAGG
GCGATCTA
TATTCCGGAA
TCTGTCAAGA
CATGTGCATGACT
TCAAGT
TAGCTACG
AATAACCGGCTGTT
GGTTTCAACA
TCATCGAG
TCGGTAACT
ATCGCTGA
TCTGA
TGCCATAG
ACGACTGTAT
AGCTTA
GGTAACCTAT
ATCATGCG
GTGATTCCA
TTGCTAGCAA
CTTTAATACAGGCG
ACGCGATT
TATTCGCAAGGTC
TGCCTAAG
TGATCAGTCA
ACGTAT
TAGCTCGA
GTCGATCATA
CCAAGGTT
TGCAGCTAT
TCGAGATTC
CAGATT
TAAGCT
TAGATTCAGC
CTAGCGATT
AAGTCTCG
TGGACTCACTGTA
AGTGCATACT
GTATAC
TGAC
CGCAAGTTAT
CATTCTAGG
ACTTGGCA
GATCCTGA
TAGTGACTC
TAGACT
GCTTCTCGGAAAT
GTTACCAG
TTATGGACAC
TCGAATGCT
CGACTAGT
CAGTCGACTGTAT
TCGAT
TTAAACGTGC
TATCAG
CAGACGTTAT
TCAACGTG
GATCT
TA
TCGAGTAC
CAATTG
TGAACT
ATCGGCTAT
TACTTGGAC
CAGGCATTAT
AAGCTT
CGACTAGTAT
GAATCGCT
AGATCCGTAT
CATTGGCAGTCAAT
CTATGTAGCA
CTGAAT
GAGAGCCTCTAATT
CATCTGGA
AGTTCGCTA
GGCTATCCATAGT
ATTAGCTAGC
AACTGTTACG
GTCACATTG
TGGACCTTGCTAA
CTGCATTGA
CTAAGT
ATCG
CGCAAGATTTCGT
CTATCTGGA
GTAAGCTC
ATGTAAGCTCCGT
ATGCCGTAAT
TGACCAGT
ACAGATGTCT
CATG
CTGGACTTA
TACGT
GCTTGACAAT
ACTTTCAGG
AACGGTCTT
AGTTAC
CAGTT
TAGCTTATGGACC
CGTATA
TGATTCACG
TTACCGAG
CTGCTAATAG
ACTATGCGT
AACTTG
CGTTAA
TCAGTAGC
AACTTAGCGGTTC
CTATGA
TATCGACG
TCCGGAATAT
TAGACTGC
GCTATGTAAC
CGTAGTTAAC
GTGCTATAC
CATGT
TGTCACATG
ATCCGTGATAACGT
GCATTA
TGATCCAGCTGAT
TAACGTCTGA
AGTATC
TTATAGCCAGCGT
GGTCATTCA
GTATTACCG
TGAATCGCT
CTATCGAGT
TCTCGGAA
TTAAGC
GCGACTAT
ACGT
TTGACAGCCAGTT
TTAGAC
GATGTCCATA
ATCGTATACG
CAACGAGTTT
CTTAGA
AAGTTGTCC
AGAATTCCGT
TAGATC
CAATTG
GTCCATGA
CTATAG
GTGAAATCCT
GCTATA
TACGTA
ATCGT
AACTGT
AAGTCT
ACTTAG
GTAACCGT
GACTAT
GACTATGCTTCAAG
CTACGTTTGAAGC
TGCGTAATCA
ATTGACGTCA
GACTGTATAC
TCTAGAGC
TGAACT
ACTCAATGGT
TGCA
ATACGTACGT
AGCGAATCTT
AACGTT
ATACTG
ATGCCAGTT
TCGGTATCA
TGTCTAGCA
AGCTAGATCT
TTCTGAGACA
TATCCAGTG
AGGTCACTAT
TCGAAT
AACTTG
ATCAGT
TCTAGA
GTCGATATC
ATTTCAGGC
ATGCTA
GTTAAACTGC
CTATCGTAG
AGATTTCGAC
TCTCAATAGG
TCATGCGA
ACCTTAGG
GATCCGTTA
CAGGTCATT
TCAAGT
GTCTCAATGA
TCATG
CCATGAGT
GATTCTCAAG
CTATAG
TTCGAAGCAT
TTATGGAACC
GTAGCCTTA
CAATGGCT
CGTAT
TCTGAAGACT
CTTAGA
CAGTAT
ATAACTCGGT
GCATCTAG
CAGTCTAGT
CATTGA
GTCAATTAGC
ATATCG
TACGAT
CATGTTAACG
ATGACT
AACTGT
CTGAAT
TACTAG
ATCATTGCG
CTATG
ACGTTTTATAGCCGA
GTGCATACAT
TCGATA
CAATTGTGCA
AGTCTTACGA
TAGACT
CACGTGTATGCAT
TGATTTGACGAACC
GCAGTTTAC
GGCATCAT
CATGTGCTAA
ATTGCGCAT
TGGTTACAC
ATGGCATATC
GCTCAGAT
TGTCAAGC
CTCGCAGTATTAG
ACTGTA
ATTCG
GCATTAGTC
ATATGCCG
ATATCG
TCAAGT
ATATCG
AGTC
TGTCTCATAAAGGC
TCTATGAAACCTGG
ACCTTAATGG
ACGATT
CAGTGATTC
CATATG
TAGTCGTCA
GAGTTATCC
TCATAGATCG
AGCTTA
TGATCA
TTGGACATC
TATCGCATAG
ATTGGCCA
TAAGGTTACC
CGTTAA
GTAATGACTC
CGTA
TATTGCACG
TATGAC
TCAGAT
CTTTAACGTGACG
TCAGCTAGT
TGGACATTCA
CATCTGATG
AATTCG
TATACG
CTCGATAGTA
GACTGATC
TAGC
GTAACTGTAC
TTAGCGATC
TTAGATACCGTGC
TTACG
TTCAAGATCG
GGTTCACAT
CTAGGTTCAA
ATGCTAGTAC
TTCAAG
GGTACTACTA
TGCTACTAG
GTCCACTAGGATT
CGAAATCGTT
GTTCTCAAG
ATTACCTGGA
TGCTCCTTGAGAA
CTGTTTGACCAAG
CGTAAATTGC
ATCTCGGA
ACAGTT
GATTCCGAT
TGTCATCGA
TAGTCA
ACTATG
ATTCGA
CTTGGACA
GCAGTATTC
CAGAGTACTT
CTAGGTACT
TCGA
CAGTTA
AGCTTGAACT
TAAGCTCGT
CAGATCTGT
GTGTCTAAC
TAGCT
TTAACGCTG
TAGCCGTAT
TATACGGC
CCTAGGAT
CGTGCAAATT
TTGAAC
TTAGCA
GAACTTCGT
ATGTCACGT
AGTCTGCTAA
AGTCATGTC
TGGAATCCTA
CTATCGGAATTGC
TGTCAA
TCCTGAGTA
AATTGCATCG
TGCGAAACTT
ACCGATGATT
ATATGC
TA
TCAGT
GACTTA
GTACTA
TTCCATGAG
CAGAACTGTT
ATGATC
ATGCTA
GCCATATTGA
ATCGATGTCA
ACAGTT
TCAAGTTCG
TGATCA
ATGTTGACC
CATCATTAGG
TAATCG
CTCAAAGTGT
TCAGACTGT
GTGACATC
TCATAG
CACAAGTTTG
GACTGCTA
GCAATT
GACT
ACGT
GGACATATGCTATC
CAGTAGTTC
CAGTCAGT
CATTAG
GTCTAA
ACCGTTAG
GTTATGGCAACCTA
GTCAT
AGTAGTTCCA
CTAGTAGTC
TCGTA
TTTCAAGAGC
ATCACGTG
TGGCATACT
ATATGCGC
CAATGT
AGTACCGT
AGTTCCAG
GATATC
TCGATA
TGACATGCTA
ATGTTCCATGCAG
TGGACACTT
GTCA
GCATTAATTGCGC
T
TGAGCTTAC
CGAGTTAC
GACTATCGT
GACTTCGATAGCTA
ACTCTGAG
ATCATG
TACTCAGG
GATTGTCAC
CGGTTCAAT
TCACTATGG
ATGGTCATCA
ATCTG
TTAGAC
TCGTAA
AGCATT
CATCGTAG
CAGATT
CGTTCAAG
TCGTA
GTAACT
CGTTAACG
TTACGCGA
AGACTT
TAAGGTTACC
GTTCAA
CTTAGTGCAA
AACGTT
GCGCATTTAGATAC
GACAATCTGT
AACGGCTTTAGCT
GGTCATTAC
ACGGCTAT
GATCTA
TATGCTACG
TATCTAGGC
AGTTCAAGTC
TAGCATGTCA
TCGAACTGTA
ATGCTAAGTC
CTAAATGTGC
TATCGA
